<?xml version="1.0" encoding="UTF-8"?>
<!-- Generated by org.testng.reporters.JUnitXMLReporter -->
<testsuite ignored="0" hostname="DESKTOP-VS3MLQ4" failures="1" tests="1" name="Test" time="24.902" errors="0" timestamp="2021-02-08T12:15:34 IST">
  <testcase classname="selenium.ValidateTitle" name="testPageNavigation" time="0.141">
    <failure type="java.lang.AssertionError" message="expected [FEATURED COUfdaf232RSES] but found [FEATURED COURSES]">
      <![CDATA[java.lang.AssertionError: expected [FEATURED COUfdaf232RSES] but found [FEATURED COURSES]
at selenium.ValidateTitle.testPageNavigation(ValidateTitle.java:35)
at java.base/java.util.ArrayList.forEach(ArrayList.java:1541)
... Removed 37 stack frames]]>
    </failure>
  </testcase> <!-- testPageNavigation -->
</testsuite> <!-- Test -->
