-------------------------------------------------------------------------------
Test set: TestSuite
-------------------------------------------------------------------------------
Tests run: 3, Failures: 1, Errors: 0, Skipped: 0, Time elapsed: 54.294 s <<< FAILURE! - in TestSuite
selenium.ValidateTitle.testPageNavigation  Time elapsed: 0.087 s  <<< FAILURE!
java.lang.AssertionError: expected [FEATURED COUfdaf232RSES] but found [FEATURED COURSES]
	at selenium.ValidateTitle.testPageNavigation(ValidateTitle.java:35)

